2021-01-24 06:55:06,942 [Worker-0: Loading available Gradle versions] INFO  o.e.b.c.i.u.g.PublishedGradleVersions - Gradle version information cache is up-to-date. Trying to read.
2021-01-24 06:59:04,670 [Worker-5: Update Maven projects configuration] INFO  o.e.m.c.i.p.ProjectConfigurationManager - Update started
2021-01-24 06:59:08,249 [Worker-5: Update Maven projects configuration] INFO  o.e.m.c.i.l.LifecycleMappingFactory - Using org.maven.ide.eclipse.wtp.WarLifecycleMapping lifecycle mapping for MavenProject: com.mycompany:mavenproject1:1.0-SNAPSHOT @ /home/lgnvpr/Documents/Fpoly/java-4/learn/onclass/mavenproject1/pom.xml.
2021-01-24 06:59:10,821 [Worker-5: Update Maven projects configuration] INFO  o.e.m.j.i.AbstractJavaProjectConfigurator - Adding source folder /mavenproject1/src/main/java
2021-01-24 06:59:10,822 [Worker-5: Update Maven projects configuration] INFO  o.e.m.j.i.AbstractJavaProjectConfigurator - Adding source folder /mavenproject1/src/test/java
2021-01-24 06:59:11,883 [Worker-15: Download sources and javadoc] INFO  o.e.m.c.i.e.AbstractTransferListenerAdapter - Downloading https://repo.maven.apache.org/maven2/javax/javaee-web-api/7.0/javaee-web-api-7.0-sources.jar
2021-01-24 06:59:12,871 [Worker-5: Update Maven projects configuration] INFO  o.e.m.c.i.p.ProjectConfigurationManager - Update completed: 8 sec
2021-01-24 06:59:16,902 [Worker-7: Discover lifecycle mappings] INFO  o.e.m.i.discovery.MavenDiscovery - No lifecyle mapping found at jar:file:/tmp/RemoteBundleDiscoveryStrategy13336508275494303651.tmp/org.eclipse.m2e.discovery.oss_catalog_1.13.jar_3473881411279239281.jar!/lifecycle%2Forg.eclipse.m2e.discovery.lifecyclemapping.m2e-wtp.xml
2021-01-24 06:59:16,902 [Worker-7: Discover lifecycle mappings] WARN  o.e.m.i.discovery.MavenDiscovery - CatalogItem org.eclipse.m2e.discovery.lifecyclemapping.m2e-wtp does not contain lifecycle mapping metadata
2021-01-24 06:59:16,903 [Worker-7: Discover lifecycle mappings] INFO  o.e.m.i.discovery.MavenDiscovery - No lifecyle mapping found at jar:file:/tmp/RemoteBundleDiscoveryStrategy13336508275494303651.tmp/org.eclipse.m2e.discovery.oss_catalog_1.13.jar_3473881411279239281.jar!/lifecycle%2Forg.eclipse.m2e.discovery.lifecyclemapping.m2e-egit.xml
2021-01-24 06:59:16,903 [Worker-7: Discover lifecycle mappings] WARN  o.e.m.i.discovery.MavenDiscovery - CatalogItem org.eclipse.m2e.discovery.lifecyclemapping.m2e-egit does not contain lifecycle mapping metadata
2021-01-24 06:59:16,903 [Worker-7: Discover lifecycle mappings] INFO  o.e.m.i.discovery.MavenDiscovery - No lifecyle mapping found at jar:file:/tmp/RemoteBundleDiscoveryStrategy13336508275494303651.tmp/org.eclipse.m2e.discovery.oss_catalog_1.13.jar_3473881411279239281.jar!/lifecycle%2Forg.eclipse.m2e.discovery.lifecyclemapping.m2e-subversive.xml
2021-01-24 06:59:16,904 [Worker-7: Discover lifecycle mappings] WARN  o.e.m.i.discovery.MavenDiscovery - CatalogItem org.eclipse.m2e.discovery.lifecyclemapping.m2e-subversive does not contain lifecycle mapping metadata
2021-01-24 06:59:16,914 [Worker-7: Discover lifecycle mappings] INFO  o.e.m.i.discovery.MavenDiscovery - No lifecyle mapping found at jar:file:/tmp/RemoteBundleDiscoveryStrategy13336508275494303651.tmp/org.eclipse.m2e.discovery.oss_catalog_1.13.jar_3473881411279239281.jar!/lifecycle%2Forg.eclipse.m2e.discovery.extras.m2e-chromatic.xml
2021-01-24 06:59:16,914 [Worker-7: Discover lifecycle mappings] WARN  o.e.m.i.discovery.MavenDiscovery - CatalogItem org.eclipse.m2e.discovery.extras.m2e-chromatic does not contain lifecycle mapping metadata
2021-01-24 06:59:16,941 [Worker-15: Download sources and javadoc] INFO  o.e.m.c.i.e.AbstractTransferListenerAdapter - Downloaded https://repo.maven.apache.org/maven2/javax/javaee-web-api/7.0/javaee-web-api-7.0-sources.jar
2021-01-24 06:59:16,942 [Worker-15: Download sources and javadoc] INFO  o.e.m.j.internal.DownloadSourcesJob - Downloaded sources for javax:javaee-web-api:7.0
2021-01-24 06:59:16,946 [Worker-15: Download sources and javadoc] INFO  o.e.m.j.internal.DownloadSourcesJob - Downloaded sources for javax:javaee-web-api:7.0
2021-01-24 06:59:18,064 [Worker-9: Building] INFO  o.e.m.c.i.l.LifecycleMappingFactory - Using org.maven.ide.eclipse.wtp.WarLifecycleMapping lifecycle mapping for MavenProject: firt-servlet:firt-servlet:0.0.1-SNAPSHOT @ /home/lgnvpr/Documents/Fpoly/java-4/learn/firt-servlet/pom.xml.
2021-01-24 06:59:18,491 [Worker-9: Building] WARN  o.e.m.c.i.embedder.EclipseLogger - Using platform encoding (UTF-8 actually) to copy filtered resources, i.e. build is platform dependent!
2021-01-24 06:59:18,491 [Worker-9: Building] INFO  o.e.m.c.i.embedder.EclipseLogger - skip non existing resourceDirectory /home/lgnvpr/Documents/Fpoly/java-4/learn/firt-servlet/src/main/resources
2021-01-24 06:59:18,494 [Worker-9: Building] WARN  o.e.m.c.i.embedder.EclipseLogger - Using platform encoding (UTF-8 actually) to copy filtered resources, i.e. build is platform dependent!
2021-01-24 06:59:18,495 [Worker-9: Building] INFO  o.e.m.c.i.embedder.EclipseLogger - skip non existing resourceDirectory /home/lgnvpr/Documents/Fpoly/java-4/learn/firt-servlet/src/test/resources
2021-01-24 06:59:18,664 [Worker-9: Building] INFO  o.e.m.c.i.embedder.EclipseLogger - Using 'UTF-8' encoding to copy filtered resources.
2021-01-24 06:59:18,665 [Worker-9: Building] INFO  o.e.m.c.i.embedder.EclipseLogger - skip non existing resourceDirectory /home/lgnvpr/Documents/Fpoly/java-4/learn/onclass/mavenproject1/src/main/resources
2021-01-24 06:59:18,666 [Worker-9: Building] INFO  o.e.m.c.i.embedder.EclipseLogger - Using 'UTF-8' encoding to copy filtered resources.
2021-01-24 06:59:18,667 [Worker-9: Building] INFO  o.e.m.c.i.embedder.EclipseLogger - skip non existing resourceDirectory /home/lgnvpr/Documents/Fpoly/java-4/learn/onclass/mavenproject1/src/test/resources
2021-01-24 06:59:18,768 [Worker-9: Building] INFO  o.e.m.c.i.l.LifecycleMappingFactory - Using org.maven.ide.eclipse.wtp.WarLifecycleMapping lifecycle mapping for MavenProject: test:test:0.0.1-SNAPSHOT @ /home/lgnvpr/Documents/Fpoly/java-4/lab2/test/pom.xml.
2021-01-24 06:59:18,945 [Worker-9: Building] WARN  o.e.m.c.i.embedder.EclipseLogger - Using platform encoding (UTF-8 actually) to copy filtered resources, i.e. build is platform dependent!
2021-01-24 06:59:18,945 [Worker-9: Building] INFO  o.e.m.c.i.embedder.EclipseLogger - skip non existing resourceDirectory /home/lgnvpr/Documents/Fpoly/java-4/lab2/test/src/main/resources
2021-01-24 06:59:18,946 [Worker-9: Building] WARN  o.e.m.c.i.embedder.EclipseLogger - Using platform encoding (UTF-8 actually) to copy filtered resources, i.e. build is platform dependent!
2021-01-24 06:59:18,947 [Worker-9: Building] INFO  o.e.m.c.i.embedder.EclipseLogger - skip non existing resourceDirectory /home/lgnvpr/Documents/Fpoly/java-4/lab2/test/src/test/resources
2021-01-24 07:00:29,189 [Worker-7: Building] WARN  o.e.m.c.i.embedder.EclipseLogger - Using platform encoding (UTF-8 actually) to copy filtered resources, i.e. build is platform dependent!
2021-01-24 07:00:29,190 [Worker-7: Building] INFO  o.e.m.c.i.embedder.EclipseLogger - skip non existing resourceDirectory /home/lgnvpr/Documents/Fpoly/java-4/learn/firt-servlet/src/main/resources
2021-01-24 07:00:29,191 [Worker-7: Building] WARN  o.e.m.c.i.embedder.EclipseLogger - Using platform encoding (UTF-8 actually) to copy filtered resources, i.e. build is platform dependent!
2021-01-24 07:00:29,192 [Worker-7: Building] INFO  o.e.m.c.i.embedder.EclipseLogger - skip non existing resourceDirectory /home/lgnvpr/Documents/Fpoly/java-4/learn/firt-servlet/src/test/resources
2021-01-24 07:00:29,461 [Worker-7: Building] WARN  o.e.m.c.i.embedder.EclipseLogger - Using platform encoding (UTF-8 actually) to copy filtered resources, i.e. build is platform dependent!
2021-01-24 07:00:29,461 [Worker-7: Building] INFO  o.e.m.c.i.embedder.EclipseLogger - skip non existing resourceDirectory /home/lgnvpr/Documents/Fpoly/java-4/lab2/test/src/main/resources
2021-01-24 07:00:29,462 [Worker-7: Building] WARN  o.e.m.c.i.embedder.EclipseLogger - Using platform encoding (UTF-8 actually) to copy filtered resources, i.e. build is platform dependent!
2021-01-24 07:00:29,463 [Worker-7: Building] INFO  o.e.m.c.i.embedder.EclipseLogger - skip non existing resourceDirectory /home/lgnvpr/Documents/Fpoly/java-4/lab2/test/src/test/resources
2021-01-24 07:02:35,301 [Worker-0: Building] INFO  o.e.m.c.i.l.LifecycleMappingFactory - Using org.maven.ide.eclipse.wtp.WarLifecycleMapping lifecycle mapping for MavenProject: firt-servlet:firt-servlet:0.0.1-SNAPSHOT @ /home/lgnvpr/Documents/Fpoly/java-4/learn/firt-servlet/pom.xml.
2021-01-24 07:02:37,205 [Worker-0: Building] WARN  o.e.m.c.i.embedder.EclipseLogger - Using platform encoding (UTF-8 actually) to copy filtered resources, i.e. build is platform dependent!
2021-01-24 07:02:37,206 [Worker-0: Building] INFO  o.e.m.c.i.embedder.EclipseLogger - skip non existing resourceDirectory /home/lgnvpr/Documents/Fpoly/java-4/learn/firt-servlet/src/main/resources
2021-01-24 07:02:37,210 [Worker-0: Building] WARN  o.e.m.c.i.embedder.EclipseLogger - Using platform encoding (UTF-8 actually) to copy filtered resources, i.e. build is platform dependent!
2021-01-24 07:02:37,211 [Worker-0: Building] INFO  o.e.m.c.i.embedder.EclipseLogger - skip non existing resourceDirectory /home/lgnvpr/Documents/Fpoly/java-4/learn/firt-servlet/src/test/resources
2021-01-24 07:02:37,937 [Worker-2: Building] INFO  o.e.m.c.i.embedder.EclipseLogger - Using 'UTF-8' encoding to copy filtered resources.
2021-01-24 07:02:37,938 [Worker-2: Building] INFO  o.e.m.c.i.embedder.EclipseLogger - skip non existing resourceDirectory /home/lgnvpr/Documents/Fpoly/java-4/learn/onclass/mavenproject1/src/main/resources
2021-01-24 07:02:37,940 [Worker-2: Building] INFO  o.e.m.c.i.embedder.EclipseLogger - Using 'UTF-8' encoding to copy filtered resources.
2021-01-24 07:02:37,941 [Worker-2: Building] INFO  o.e.m.c.i.embedder.EclipseLogger - skip non existing resourceDirectory /home/lgnvpr/Documents/Fpoly/java-4/learn/onclass/mavenproject1/src/test/resources
2021-01-24 07:02:38,722 [Worker-2: Building] INFO  o.e.m.c.i.l.LifecycleMappingFactory - Using org.maven.ide.eclipse.wtp.WarLifecycleMapping lifecycle mapping for MavenProject: test:test:0.0.1-SNAPSHOT @ /home/lgnvpr/Documents/Fpoly/java-4/lab2/test/pom.xml.
2021-01-24 07:02:39,133 [Worker-2: Building] WARN  o.e.m.c.i.embedder.EclipseLogger - Using platform encoding (UTF-8 actually) to copy filtered resources, i.e. build is platform dependent!
2021-01-24 07:02:39,134 [Worker-2: Building] INFO  o.e.m.c.i.embedder.EclipseLogger - skip non existing resourceDirectory /home/lgnvpr/Documents/Fpoly/java-4/lab2/test/src/main/resources
2021-01-24 07:02:39,137 [Worker-2: Building] WARN  o.e.m.c.i.embedder.EclipseLogger - Using platform encoding (UTF-8 actually) to copy filtered resources, i.e. build is platform dependent!
2021-01-24 07:02:39,137 [Worker-2: Building] INFO  o.e.m.c.i.embedder.EclipseLogger - skip non existing resourceDirectory /home/lgnvpr/Documents/Fpoly/java-4/lab2/test/src/test/resources
2021-01-24 07:03:38,703 [Worker-0: Loading available Gradle versions] INFO  o.e.b.c.i.u.g.PublishedGradleVersions - Gradle version information cache is up-to-date. Trying to read.
